<?xml version="1.0" encoding="UTF-8"?>
<!-- Generated by org.testng.reporters.JUnitReportReporter -->
<testsuite hostname="WINDOWS-SBM5E6C" failures="0" tests="5" name="Caller_GeneralClass.ReportsCaller" time="10.629" errors="0" timestamp="2022-05-17T20:21:32 IST" skipped="0">
  <testcase classname="Caller_GeneralClass.ReportsCaller" name="infoMethod" time="2.019"/>
  <system-out/>
  <testcase classname="Caller_GeneralClass.ReportsCaller" name="passmethod" time="2.012"/>
  <system-out/>
  <testcase classname="Caller_GeneralClass.ReportsCaller" name="failmethod" time="2.580"/>
  <system-out/>
  <testcase classname="Caller_GeneralClass.ReportsCaller" name="fatalMethod" time="2.009"/>
  <system-out/>
  <testcase classname="Caller_GeneralClass.ReportsCaller" name="warnMethod" time="2.009"/>
  <system-out/>
</testsuite> <!-- Caller_GeneralClass.ReportsCaller -->
