<?xml version="1.0" encoding="UTF-8"?>
<!-- Generated by org.testng.reporters.JUnitReportReporter -->
<testsuite hostname="WINDOWS-SBM5E6C" failures="0" tests="1" name="Caller_GeneralClass.GeneralCode_Caller" time="0.045" errors="0" timestamp="2022-05-13T19:45:50 IST" skipped="0">
  <testcase classname="Caller_GeneralClass.GeneralCode_Caller" name="Additon" time="0.045"/>
  <system-out/>
</testsuite> <!-- Caller_GeneralClass.GeneralCode_Caller -->
