<?xml version="1.0" encoding="UTF-8"?>
<!-- Generated by org.testng.reporters.JUnitReportReporter -->
<testsuite hostname="WINDOWS-SBM5E6C" failures="0" tests="1" name="Caller_GeneralClass.LogCaller_TestCase" time="0.410" errors="0" timestamp="2022-05-16T20:09:15 IST" skipped="0">
  <testcase classname="Caller_GeneralClass.LogCaller_TestCase" name="LogCaller" time="0.410"/>
  <system-out/>
</testsuite> <!-- Caller_GeneralClass.LogCaller_TestCase -->
